Unexpected Error Occured

on process undefined, nodejs v8.9.3

                       Version d'Horizon : 1.5
                         Serveur courant : main-shared
                   Canal de mises à jour : nightly
                 Temps de fonctionnement : 0.72ms
                  Plate-forme du serveur : Windows_NT
              Version de l'OS du serveur : 10.0.17763
                 Architecture du serveur : x64
                            Mémoire vive : 688 Mio libres sur 4093 Mio
                   Processeur du serveur : undefined

-----------------------------------------

Unexpected Error Occured

on process undefined, nodejs v8.9.3

                       Version d'Horizon : 1.5
                         Serveur courant : main-shared
                   Canal de mises à jour : nightly
                 Temps de fonctionnement : 0.576ms
                  Plate-forme du serveur : Windows_NT
              Version de l'OS du serveur : 10.0.17763
                 Architecture du serveur : x64
                            Mémoire vive : 752 Mio libres sur 4093 Mio
                   Processeur du serveur : undefined

-----------------------------------------

Unexpected Error Occured

on process undefined, nodejs v8.9.3

                       Version d'Horizon : 1.5
                         Serveur courant : main-shared
                   Canal de mises à jour : nightly
                 Temps de fonctionnement : 0.402ms
                  Plate-forme du serveur : Windows_NT
              Version de l'OS du serveur : 10.0.17763
                 Architecture du serveur : x64
                            Mémoire vive : 685 Mio libres sur 4093 Mio
                   Processeur du serveur : undefined

-----------------------------------------

Unexpected Error Occured

on process undefined, nodejs v8.9.3

                       Version d'Horizon : 1.5
                         Serveur courant : main-shared
                   Canal de mises à jour : nightly
                 Temps de fonctionnement : 0.44ms
                  Plate-forme du serveur : Windows_NT
              Version de l'OS du serveur : 10.0.17763
                 Architecture du serveur : x64
                            Mémoire vive : 743 Mio libres sur 4093 Mio
                   Processeur du serveur : undefined

-----------------------------------------

Unexpected Error Occured

on process undefined, nodejs v8.9.3

                       Version d'Horizon : 1.5
                         Serveur courant : main-shared
                   Canal de mises à jour : nightly
                 Temps de fonctionnement : 0.43ms
                  Plate-forme du serveur : Windows_NT
              Version de l'OS du serveur : 10.0.17763
                 Architecture du serveur : x64
                            Mémoire vive : 782 Mio libres sur 4093 Mio
                   Processeur du serveur : undefined

-----------------------------------------

Unexpected Error Occured

on process undefined, nodejs v8.9.3

                       Version d'Horizon : 1.5
                         Serveur courant : main-shared
                   Canal de mises à jour : nightly
                 Temps de fonctionnement : 0.605ms
                  Plate-forme du serveur : Windows_NT
              Version de l'OS du serveur : 10.0.17763
                 Architecture du serveur : x64
                            Mémoire vive : 743 Mio libres sur 4093 Mio
                   Processeur du serveur : undefined

-----------------------------------------

Unexpected Error Occured

on process undefined, nodejs v8.9.3

                       Version d'Horizon : 1.5
                         Serveur courant : main-shared
                   Canal de mises à jour : nightly
                 Temps de fonctionnement : 0.313ms
                  Plate-forme du serveur : Windows_NT
              Version de l'OS du serveur : 10.0.17763
                 Architecture du serveur : x64
                            Mémoire vive : 750 Mio libres sur 4093 Mio
                   Processeur du serveur : undefined

-----------------------------------------

Unexpected Error Occured

on process undefined, nodejs v8.9.3

                       Version d'Horizon : 1.5
                         Serveur courant : main-shared
                   Canal de mises à jour : nightly
                 Temps de fonctionnement : 0.563ms
                  Plate-forme du serveur : Windows_NT
              Version de l'OS du serveur : 10.0.17763
                 Architecture du serveur : x64
                            Mémoire vive : 513 Mio libres sur 4093 Mio
                   Processeur du serveur : undefined

-----------------------------------------

Unexpected Error Occured

on process undefined, nodejs v8.9.3

                       Version d'Horizon : 1.5
                         Serveur courant : main-shared
                   Canal de mises à jour : nightly
                 Temps de fonctionnement : 0.635ms
                  Plate-forme du serveur : Windows_NT
              Version de l'OS du serveur : 10.0.17763
                 Architecture du serveur : x64
                            Mémoire vive : 736 Mio libres sur 4093 Mio
                   Processeur du serveur : undefined

-----------------------------------------

Unexpected Error Occured

on process undefined, nodejs v8.9.3

                       Version d'Horizon : 1.5
                         Serveur courant : main-shared
                   Canal de mises à jour : nightly
                 Temps de fonctionnement : 0.266ms
                  Plate-forme du serveur : Windows_NT
              Version de l'OS du serveur : 10.0.17763
                 Architecture du serveur : x64
                            Mémoire vive : 742 Mio libres sur 4093 Mio
                   Processeur du serveur : undefined

-----------------------------------------

Unexpected Error Occured

on process undefined, nodejs v8.9.3

                       Version d'Horizon : 1.5
                         Serveur courant : main-shared
                   Canal de mises à jour : nightly
                 Temps de fonctionnement : 0.464ms
                  Plate-forme du serveur : Windows_NT
              Version de l'OS du serveur : 10.0.17763
                 Architecture du serveur : x64
                            Mémoire vive : 758 Mio libres sur 4093 Mio
                   Processeur du serveur : undefined

-----------------------------------------

Unexpected Error Occured

on process undefined, nodejs v8.9.3

                       Version d'Horizon : 1.5
                         Serveur courant : main-shared
                   Canal de mises à jour : nightly
                 Temps de fonctionnement : 0.374ms
                  Plate-forme du serveur : Windows_NT
              Version de l'OS du serveur : 10.0.17763
                 Architecture du serveur : x64
                            Mémoire vive : 643 Mio libres sur 4093 Mio
                   Processeur du serveur : undefined

-----------------------------------------

Unexpected Error Occured

on process undefined, nodejs v8.9.3

                       Version d'Horizon : 1.5
                         Serveur courant : main-shared
                   Canal de mises à jour : nightly
                 Temps de fonctionnement : 0.769ms
                  Plate-forme du serveur : Windows_NT
              Version de l'OS du serveur : 10.0.17763
                 Architecture du serveur : x64
                            Mémoire vive : 810 Mio libres sur 4093 Mio
                   Processeur du serveur : undefined

-----------------------------------------

Unexpected Error Occured

on process undefined, nodejs v8.9.3

                       Version d'Horizon : 1.5
                         Serveur courant : main-shared
                   Canal de mises à jour : nightly
                 Temps de fonctionnement : 0.329ms
                  Plate-forme du serveur : Windows_NT
              Version de l'OS du serveur : 10.0.17763
                 Architecture du serveur : x64
                            Mémoire vive : 515 Mio libres sur 4093 Mio
                   Processeur du serveur : undefined

-----------------------------------------

Unexpected Error Occured

on process undefined, nodejs v8.9.3

                       Version d'Horizon : 1.5
                         Serveur courant : main-shared
                   Canal de mises à jour : nightly
                 Temps de fonctionnement : 0.598ms
                  Plate-forme du serveur : Windows_NT
              Version de l'OS du serveur : 10.0.17763
                 Architecture du serveur : x64
                            Mémoire vive : 488 Mio libres sur 4093 Mio
                   Processeur du serveur : undefined

-----------------------------------------

Unexpected Error Occured

on process undefined, nodejs v8.9.3

                       Version d'Horizon : 1.5
                         Serveur courant : main-shared
                   Canal de mises à jour : nightly
                 Temps de fonctionnement : 0.406ms
                  Plate-forme du serveur : Windows_NT
              Version de l'OS du serveur : 10.0.17763
                 Architecture du serveur : x64
                            Mémoire vive : 478 Mio libres sur 4093 Mio
                   Processeur du serveur : undefined

-----------------------------------------

Unexpected Error Occured

on process undefined, nodejs v8.9.3

                       Version d'Horizon : 1.5
                         Serveur courant : main-shared
                   Canal de mises à jour : nightly
                 Temps de fonctionnement : 0.622ms
                  Plate-forme du serveur : Windows_NT
              Version de l'OS du serveur : 10.0.17763
                 Architecture du serveur : x64
                            Mémoire vive : 415 Mio libres sur 4093 Mio
                   Processeur du serveur : undefined

-----------------------------------------

Unexpected Error Occured

on process undefined, nodejs v8.9.3

                       Version d'Horizon : 1.5
                         Serveur courant : main-shared
                   Canal de mises à jour : nightly
                 Temps de fonctionnement : 0.338ms
                  Plate-forme du serveur : Windows_NT
              Version de l'OS du serveur : 10.0.17763
                 Architecture du serveur : x64
                            Mémoire vive : 503 Mio libres sur 4093 Mio
                   Processeur du serveur : undefined

-----------------------------------------

Unexpected Error Occured

on process undefined, nodejs v8.9.3

                       Version d'Horizon : 1.5
                         Serveur courant : main-shared
                   Canal de mises à jour : nightly
                 Temps de fonctionnement : 0.295ms
                  Plate-forme du serveur : Windows_NT
              Version de l'OS du serveur : 10.0.17763
                 Architecture du serveur : x64
                            Mémoire vive : 734 Mio libres sur 4093 Mio
                   Processeur du serveur : undefined

-----------------------------------------

Unexpected Error Occured

on process undefined, nodejs v8.9.3

                       Version d'Horizon : 1.5
                         Serveur courant : main-shared
                   Canal de mises à jour : nightly
                 Temps de fonctionnement : 0.268ms
                  Plate-forme du serveur : Windows_NT
              Version de l'OS du serveur : 10.0.17763
                 Architecture du serveur : x64
                            Mémoire vive : 726 Mio libres sur 4093 Mio
                   Processeur du serveur : undefined

-----------------------------------------

Unexpected Error Occured

on process undefined, nodejs v8.9.3

                       Version d'Horizon : 1.5
                         Serveur courant : main-shared
                   Canal de mises à jour : nightly
                 Temps de fonctionnement : 0.257ms
                  Plate-forme du serveur : Windows_NT
              Version de l'OS du serveur : 10.0.17763
                 Architecture du serveur : x64
                            Mémoire vive : 437 Mio libres sur 4093 Mio
                   Processeur du serveur : undefined

-----------------------------------------

Unexpected Error Occured

on process undefined, nodejs v8.9.3

                       Version d'Horizon : 1.5
                         Serveur courant : main-shared
                   Canal de mises à jour : nightly
                 Temps de fonctionnement : 0.318ms
                  Plate-forme du serveur : Windows_NT
              Version de l'OS du serveur : 10.0.17763
                 Architecture du serveur : x64
                            Mémoire vive : 641 Mio libres sur 4093 Mio
                   Processeur du serveur : undefined

-----------------------------------------

Unexpected Error Occured

on process undefined, nodejs v8.9.3

                       Version d'Horizon : 1.5
                         Serveur courant : main-shared
                   Canal de mises à jour : nightly
                 Temps de fonctionnement : 0.414ms
                  Plate-forme du serveur : Windows_NT
              Version de l'OS du serveur : 10.0.17763
                 Architecture du serveur : x64
                            Mémoire vive : 678 Mio libres sur 4093 Mio
                   Processeur du serveur : undefined

-----------------------------------------

Unexpected Error Occured

on process undefined, nodejs v8.9.3

                       Version d'Horizon : 1.5
                         Serveur courant : main-shared
                   Canal de mises à jour : nightly
                 Temps de fonctionnement : 0.233ms
                  Plate-forme du serveur : Windows_NT
              Version de l'OS du serveur : 10.0.17763
                 Architecture du serveur : x64
                            Mémoire vive : 564 Mio libres sur 4093 Mio
                   Processeur du serveur : undefined

-----------------------------------------

Unexpected Error Occured

on process undefined, nodejs v8.9.3

                       Version d'Horizon : 1.5
                         Serveur courant : main-shared
                   Canal de mises à jour : nightly
                 Temps de fonctionnement : 0.277ms
                  Plate-forme du serveur : Windows_NT
              Version de l'OS du serveur : 10.0.17763
                 Architecture du serveur : x64
                            Mémoire vive : 437 Mio libres sur 4093 Mio
                   Processeur du serveur : undefined

-----------------------------------------

Unexpected Error Occured

on process undefined, nodejs v8.9.3

                       Version d'Horizon : 1.5
                         Serveur courant : main-shared
                   Canal de mises à jour : nightly
                 Temps de fonctionnement : 0.397ms
                  Plate-forme du serveur : Windows_NT
              Version de l'OS du serveur : 10.0.17763
                 Architecture du serveur : x64
                            Mémoire vive : 798 Mio libres sur 4093 Mio
                   Processeur du serveur : undefined

-----------------------------------------

Unexpected Error Occured

on process undefined, nodejs v8.9.3

                       Version d'Horizon : 1.5
                         Serveur courant : main-shared
                   Canal de mises à jour : nightly
                 Temps de fonctionnement : 0.283ms
                  Plate-forme du serveur : Windows_NT
              Version de l'OS du serveur : 10.0.17763
                 Architecture du serveur : x64
                            Mémoire vive : 668 Mio libres sur 4093 Mio
                   Processeur du serveur : undefined

-----------------------------------------

Unexpected Error Occured

on process undefined, nodejs v8.9.3

                       Version d'Horizon : 1.5
                         Serveur courant : main-shared
                   Canal de mises à jour : nightly
                 Temps de fonctionnement : 0.299ms
                  Plate-forme du serveur : Windows_NT
              Version de l'OS du serveur : 10.0.17763
                 Architecture du serveur : x64
                            Mémoire vive : 614 Mio libres sur 4093 Mio
                   Processeur du serveur : undefined

-----------------------------------------

Unexpected Error Occured

on process undefined, nodejs v8.9.3

                       Version d'Horizon : 1.5
                         Serveur courant : main-shared
                   Canal de mises à jour : nightly
                 Temps de fonctionnement : 0.264ms
                  Plate-forme du serveur : Windows_NT
              Version de l'OS du serveur : 10.0.17763
                 Architecture du serveur : x64
                            Mémoire vive : 751 Mio libres sur 4093 Mio
                   Processeur du serveur : undefined

-----------------------------------------

Unexpected Error Occured

on process undefined, nodejs v8.9.3

                       Version d'Horizon : 1.5
                         Serveur courant : main-shared
                   Canal de mises à jour : nightly
                 Temps de fonctionnement : 0.358ms
                  Plate-forme du serveur : Windows_NT
              Version de l'OS du serveur : 10.0.17763
                 Architecture du serveur : x64
                            Mémoire vive : 696 Mio libres sur 4093 Mio
                   Processeur du serveur : undefined

-----------------------------------------

Unexpected Error Occured

on process 6696, nodejs v10.15.3

                       Version d'Horizon : 1.5
                         Serveur courant : main-shared
                   Canal de mises à jour : nightly
                 Temps de fonctionnement : 0.408ms
                  Plate-forme du serveur : Windows_NT
              Version de l'OS du serveur : 10.0.17763
                 Architecture du serveur : x64
                            Mémoire vive : 496 Mio libres sur 4093 Mio
                   Processeur du serveur : undefined

-----------------------------------------

Unexpected Error Occured

on process 3904, nodejs v10.15.3

                       Version d'Horizon : 1.5
                         Serveur courant : main-shared
                   Canal de mises à jour : nightly
                 Temps de fonctionnement : 0.177ms
                  Plate-forme du serveur : Windows_NT
              Version de l'OS du serveur : 10.0.17763
                 Architecture du serveur : x64
                            Mémoire vive : 531 Mio libres sur 4093 Mio
                   Processeur du serveur : undefined

-----------------------------------------

Unexpected Error Occured

on process 10776, nodejs v10.15.3

                       Version d'Horizon : 1.5
                         Serveur courant : main-shared
                   Canal de mises à jour : nightly
                 Temps de fonctionnement : 0.212ms
                  Plate-forme du serveur : Windows_NT
              Version de l'OS du serveur : 10.0.17763
                 Architecture du serveur : x64
                            Mémoire vive : 410 Mio libres sur 4093 Mio
                   Processeur du serveur : undefined

-----------------------------------------

Unexpected Error Occured

on process 10432, nodejs v10.15.3

                       Version d'Horizon : 1.5
                         Serveur courant : main-shared
                   Canal de mises à jour : nightly
                 Temps de fonctionnement : 0.246ms
                  Plate-forme du serveur : Windows_NT
              Version de l'OS du serveur : 10.0.17763
                 Architecture du serveur : x64
                            Mémoire vive : 460 Mio libres sur 4093 Mio
                   Processeur du serveur : undefined

-----------------------------------------

Unexpected Error Occured

on process 9860, nodejs v10.15.3

                       Version d'Horizon : 1.5
                         Serveur courant : main-shared
                   Canal de mises à jour : nightly
                 Temps de fonctionnement : 1.736ms
                  Plate-forme du serveur : Windows_NT
              Version de l'OS du serveur : 10.0.17763
                 Architecture du serveur : x64
                            Mémoire vive : 387 Mio libres sur 4093 Mio
                   Processeur du serveur : undefined

-----------------------------------------

Unexpected Error Occured

on process 9860, nodejs v10.15.3

                       Version d'Horizon : 1.5
                         Serveur courant : main-shared
                   Canal de mises à jour : nightly
                 Temps de fonctionnement : 0.203ms
                  Plate-forme du serveur : Windows_NT
              Version de l'OS du serveur : 10.0.17763
                 Architecture du serveur : x64
                            Mémoire vive : 431 Mio libres sur 4093 Mio
                   Processeur du serveur : undefined

-----------------------------------------

Unexpected Error Occured

on process 4644, nodejs v10.15.3

                       Version d'Horizon : 1.5
                         Serveur courant : main-shared
                   Canal de mises à jour : nightly
                 Temps de fonctionnement : 0.17ms
                  Plate-forme du serveur : Windows_NT
              Version de l'OS du serveur : 10.0.17763
                 Architecture du serveur : x64
                            Mémoire vive : 743 Mio libres sur 4093 Mio
                   Processeur du serveur : undefined

-----------------------------------------

Unexpected Error Occured

on process 6680, nodejs v10.15.3

                       Version d'Horizon : 1.5
                         Serveur courant : main-shared
                   Canal de mises à jour : nightly
                 Temps de fonctionnement : 0.351ms
                  Plate-forme du serveur : Windows_NT
              Version de l'OS du serveur : 10.0.17763
                 Architecture du serveur : x64
                            Mémoire vive : 700 Mio libres sur 4093 Mio
                   Processeur du serveur : undefined

-----------------------------------------

Unexpected Error Occured

on process 11596, nodejs v10.15.3

                       Version d'Horizon : 1.5
                         Serveur courant : main-shared
                   Canal de mises à jour : nightly
                 Temps de fonctionnement : 1.738ms
                  Plate-forme du serveur : Windows_NT
              Version de l'OS du serveur : 10.0.17763
                 Architecture du serveur : x64
                            Mémoire vive : 575 Mio libres sur 4093 Mio
                   Processeur du serveur : undefined

-----------------------------------------

Unexpected Error Occured

on process 2356, nodejs v10.15.3

                       Version d'Horizon : 1.5
                         Serveur courant : main-shared
                   Canal de mises à jour : nightly
                 Temps de fonctionnement : 0.809ms
                  Plate-forme du serveur : Windows_NT
              Version de l'OS du serveur : 10.0.17763
                 Architecture du serveur : x64
                            Mémoire vive : 586 Mio libres sur 4093 Mio
                   Processeur du serveur : undefined

-----------------------------------------

Unexpected Error Occured

on process 5860, nodejs v10.15.3

                       Version d'Horizon : 1.5
                         Serveur courant : main-shared
                   Canal de mises à jour : nightly
                 Temps de fonctionnement : 0.738ms
                  Plate-forme du serveur : Windows_NT
              Version de l'OS du serveur : 10.0.17763
                 Architecture du serveur : x64
                            Mémoire vive : 467 Mio libres sur 4093 Mio
                   Processeur du serveur : undefined

-----------------------------------------

Unexpected Error Occured

on process 1892, nodejs v10.15.3

                       Version d'Horizon : 1.5
                         Serveur courant : main-shared
                   Canal de mises à jour : nightly
                 Temps de fonctionnement : 0.398ms
                  Plate-forme du serveur : Windows_NT
              Version de l'OS du serveur : 10.0.17763
                 Architecture du serveur : x64
                            Mémoire vive : 801 Mio libres sur 4093 Mio
                   Processeur du serveur : undefined

-----------------------------------------

Unexpected Error Occured

on process 8136, nodejs v10.15.3

                       Version d'Horizon : 1.5
                         Serveur courant : main-shared
                   Canal de mises à jour : nightly
                 Temps de fonctionnement : 3.514ms
                  Plate-forme du serveur : Windows_NT
              Version de l'OS du serveur : 10.0.18362
                 Architecture du serveur : x64
                            Mémoire vive : 364 Mio libres sur 3640 Mio
                   Processeur du serveur : undefined

-----------------------------------------

Unexpected Error Occured

on process 11864, nodejs v10.15.3

                       Version d'Horizon : 1.5
                         Serveur courant : main-shared
                   Canal de mises à jour : nightly
                 Temps de fonctionnement : 0.259ms
                  Plate-forme du serveur : Windows_NT
              Version de l'OS du serveur : 10.0.18362
                 Architecture du serveur : x64
                            Mémoire vive : 496 Mio libres sur 3640 Mio
                   Processeur du serveur : undefined

-----------------------------------------

Unexpected Error Occured

on process 4932, nodejs v10.15.3

                       Version d'Horizon : 1.5
                         Serveur courant : main-shared
                   Canal de mises à jour : nightly
                 Temps de fonctionnement : 0.626ms
                  Plate-forme du serveur : Windows_NT
              Version de l'OS du serveur : 10.0.18362
                 Architecture du serveur : x64
                            Mémoire vive : 543 Mio libres sur 3640 Mio
                   Processeur du serveur : undefined

-----------------------------------------

Unexpected Error Occured

on process 11996, nodejs v10.15.3

                       Version d'Horizon : 1.5
                         Serveur courant : main-shared
                   Canal de mises à jour : nightly
                 Temps de fonctionnement : 0.15ms
                  Plate-forme du serveur : Windows_NT
              Version de l'OS du serveur : 10.0.18362
                 Architecture du serveur : x64
                            Mémoire vive : 460 Mio libres sur 3640 Mio
                   Processeur du serveur : undefined

-----------------------------------------

Unexpected Error Occured

on process 7816, nodejs v10.15.3

                       Version d'Horizon : 1.5
                         Serveur courant : main-shared
                   Canal de mises à jour : nightly
                 Temps de fonctionnement : 0.357ms
                  Plate-forme du serveur : Windows_NT
              Version de l'OS du serveur : 10.0.18362
                 Architecture du serveur : x64
                            Mémoire vive : 476 Mio libres sur 3640 Mio
                   Processeur du serveur : undefined

-----------------------------------------

Unexpected Error Occured

on process 7960, nodejs v10.15.3

                       Version d'Horizon : 1.5
                         Serveur courant : main-shared
                   Canal de mises à jour : nightly
                 Temps de fonctionnement : 0.169ms
                  Plate-forme du serveur : Windows_NT
              Version de l'OS du serveur : 10.0.18362
                 Architecture du serveur : x64
                            Mémoire vive : 509 Mio libres sur 3640 Mio
                   Processeur du serveur : undefined

-----------------------------------------

Unexpected Error Occured

on process 6284, nodejs v10.15.3

                       Version d'Horizon : 1.5
                         Serveur courant : main-shared
                   Canal de mises à jour : nightly
                 Temps de fonctionnement : 1.031ms
                  Plate-forme du serveur : Windows_NT
              Version de l'OS du serveur : 10.0.18362
                 Architecture du serveur : x64
                            Mémoire vive : 503 Mio libres sur 3640 Mio
                   Processeur du serveur : undefined

-----------------------------------------

Unexpected Error Occured

on process 12908, nodejs v10.15.3

                       Version d'Horizon : 1.5
                         Serveur courant : main-shared
                   Canal de mises à jour : nightly
                 Temps de fonctionnement : 0.304ms
                  Plate-forme du serveur : Windows_NT
              Version de l'OS du serveur : 10.0.18362
                 Architecture du serveur : x64
                            Mémoire vive : 618 Mio libres sur 3640 Mio
                   Processeur du serveur : undefined

-----------------------------------------

Unexpected Error Occured

on process 4480, nodejs v10.15.3

                       Version d'Horizon : 1.5
                         Serveur courant : main-shared
                   Canal de mises à jour : nightly
                 Temps de fonctionnement : 0.154ms
                  Plate-forme du serveur : Windows_NT
              Version de l'OS du serveur : 10.0.18362
                 Architecture du serveur : x64
                            Mémoire vive : 685 Mio libres sur 3640 Mio
                   Processeur du serveur : undefined

-----------------------------------------

Unexpected Error Occured

on process 11928, nodejs v10.15.3

                       Version d'Horizon : 1.5
                         Serveur courant : main-shared
                   Canal de mises à jour : nightly
                 Temps de fonctionnement : 0.137ms
                  Plate-forme du serveur : Windows_NT
              Version de l'OS du serveur : 10.0.18362
                 Architecture du serveur : x64
                            Mémoire vive : 717 Mio libres sur 3640 Mio
                   Processeur du serveur : undefined

-----------------------------------------

Unexpected Error Occured

on process 2576, nodejs v10.15.3

                       Version d'Horizon : 1.5
                         Serveur courant : main-shared
                   Canal de mises à jour : nightly
                 Temps de fonctionnement : 0.151ms
                  Plate-forme du serveur : Windows_NT
              Version de l'OS du serveur : 10.0.18362
                 Architecture du serveur : x64
                            Mémoire vive : 705 Mio libres sur 3640 Mio
                   Processeur du serveur : undefined

-----------------------------------------

Unexpected Error Occured

on process 11116, nodejs v10.16.0

                       Version d'Horizon : 1.5
                         Serveur courant : main-shared
                   Canal de mises à jour : nightly
                 Temps de fonctionnement : 0.129ms
                  Plate-forme du serveur : Linux
              Version de l'OS du serveur : 4.18.0-25-generic
                 Architecture du serveur : x64
                            Mémoire vive : 107 Mio libres sur 3557 Mio
                   Processeur du serveur : undefined

-----------------------------------------

Unexpected Error Occured

on process 11289, nodejs v10.16.0

                       Version d'Horizon : 1.5
                         Serveur courant : main-shared
                   Canal de mises à jour : nightly
                 Temps de fonctionnement : 0.13ms
                  Plate-forme du serveur : Linux
              Version de l'OS du serveur : 4.18.0-25-generic
                 Architecture du serveur : x64
                            Mémoire vive : 130 Mio libres sur 3557 Mio
                   Processeur du serveur : undefined

-----------------------------------------

Unexpected Error Occured

on process 17307, nodejs v10.16.0

                       Version d'Horizon : 1.5
                         Serveur courant : main-shared
                   Canal de mises à jour : nightly
                 Temps de fonctionnement : 0.154ms
                  Plate-forme du serveur : Linux
              Version de l'OS du serveur : 4.18.0-25-generic
                 Architecture du serveur : x64
                            Mémoire vive : 582 Mio libres sur 3557 Mio
                   Processeur du serveur : undefined

-----------------------------------------

